INFO [2018-05-30 15:18:19] [[1]]
INFO [2018-05-30 15:18:19] list(P = venn$P, P.JF.C = venn$P.JF.C, P.SC = venn$P.SC, P.JF = venn$P.JF, 
INFO [2018-05-30 15:18:19]     Control = venn$Control)
INFO [2018-05-30 15:18:19] 
INFO [2018-05-30 15:18:19] $filename
INFO [2018-05-30 15:18:19] NULL
INFO [2018-05-30 15:18:19] 
INFO [2018-05-30 15:18:19] $height
INFO [2018-05-30 15:18:19] [1] 5400
INFO [2018-05-30 15:18:19] 
INFO [2018-05-30 15:18:19] $width
INFO [2018-05-30 15:18:19] [1] 5400
INFO [2018-05-30 15:18:19] 
INFO [2018-05-30 15:18:19] $resolution
INFO [2018-05-30 15:18:19] [1] 600
INFO [2018-05-30 15:18:19] 
INFO [2018-05-30 15:18:19] $imagetype
INFO [2018-05-30 15:18:19] [1] "tiff"
INFO [2018-05-30 15:18:19] 
INFO [2018-05-30 15:18:19] $units
INFO [2018-05-30 15:18:19] [1] "px"
INFO [2018-05-30 15:18:19] 
INFO [2018-05-30 15:18:19] $compression
INFO [2018-05-30 15:18:19] [1] "lzw"
INFO [2018-05-30 15:18:19] 
INFO [2018-05-30 15:18:19] $lwd
INFO [2018-05-30 15:18:19] [1] 5
INFO [2018-05-30 15:18:19] 
INFO [2018-05-30 15:18:19] $lty
INFO [2018-05-30 15:18:19] [1] 1
INFO [2018-05-30 15:18:19] 
INFO [2018-05-30 15:18:19] $fill
INFO [2018-05-30 15:18:19] brewer.pal(5, "Set2")
INFO [2018-05-30 15:18:19] 
INFO [2018-05-30 15:18:19] $cex
INFO [2018-05-30 15:18:19] [1] 2
INFO [2018-05-30 15:18:19] 
INFO [2018-05-30 15:18:19] $cat.cex
INFO [2018-05-30 15:18:19] [1] 0.5
INFO [2018-05-30 15:18:19] 
INFO [2018-05-30 15:18:19] $alpha
INFO [2018-05-30 15:18:19] [1] 0.8
INFO [2018-05-30 15:18:19] 
INFO [2018-05-30 15:18:19] $fontface
INFO [2018-05-30 15:18:19] [1] "bold"
INFO [2018-05-30 15:18:19] 
INFO [2018-05-30 15:18:19] $fontfamily
INFO [2018-05-30 15:18:19] [1] "myFont1"
INFO [2018-05-30 15:18:19] 
INFO [2018-05-30 15:18:19] $cat.fontface
INFO [2018-05-30 15:18:19] [1] "bold"
INFO [2018-05-30 15:18:19] 
INFO [2018-05-30 15:18:19] $cat.fontfamily
INFO [2018-05-30 15:18:19] [1] "myFont1"
INFO [2018-05-30 15:18:19] 
